<?xml version="1.0" encoding="UTF-8" ?>
<testsuite failures="0" time="2.444" errors="0" skipped="0" tests="1" name="com.econdates.application.LoggerAspectTest">
  <properties>
    <property name="java.runtime.name" value="Java(TM) SE Runtime Environment"/>
    <property name="sun.boot.library.path" value="/System/Library/Java/JavaVirtualMachines/1.6.0.jdk/Contents/Libraries"/>
    <property name="java.vm.version" value="20.4-b02-402"/>
    <property name="awt.nativeDoubleBuffering" value="true"/>
    <property name="gopherProxySet" value="false"/>
    <property name="mrj.build" value="11M3527"/>
    <property name="java.vm.vendor" value="Apple Inc."/>
    <property name="java.vendor.url" value="http://www.apple.com/"/>
    <property name="path.separator" value=":"/>
    <property name="java.vm.name" value="Java HotSpot(TM) 64-Bit Server VM"/>
    <property name="file.encoding.pkg" value="sun.io"/>
    <property name="user.country" value="US"/>
    <property name="sun.java.launcher" value="SUN_STANDARD"/>
    <property name="sun.os.patch.level" value="unknown"/>
    <property name="java.vm.specification.name" value="Java Virtual Machine Specification"/>
    <property name="user.dir" value="/Users/shivamsinha/Documents/workspace/econdates/econdates-domain"/>
    <property name="java.runtime.version" value="1.6.0_29-b11-402-11M3527"/>
    <property name="java.awt.graphicsenv" value="apple.awt.CGraphicsEnvironment"/>
    <property name="basedir" value="/Users/shivamsinha/Documents/workspace/econdates/econdates-domain"/>
    <property name="java.endorsed.dirs" value="/System/Library/Java/JavaVirtualMachines/1.6.0.jdk/Contents/Home/lib/endorsed"/>
    <property name="os.arch" value="x86_64"/>
    <property name="surefire.real.class.path" value="/Users/shivamsinha/Documents/workspace/econdates/econdates-domain/target/surefire/surefirebooter8972915926074590641.jar"/>
    <property name="java.io.tmpdir" value="/var/folders/6h/gnxts_8d3p32lnxjd4cw6yxr0000gn/T/"/>
    <property name="line.separator" value="
"/>
    <property name="java.vm.specification.vendor" value="Sun Microsystems Inc."/>
    <property name="os.name" value="Mac OS X"/>
    <property name="sun.jnu.encoding" value="MacRoman"/>
    <property name="java.library.path" value=".:/Library/Java/Extensions:/System/Library/Java/Extensions:/usr/lib/java"/>
    <property name="surefire.test.class.path" value="/Users/shivamsinha/Documents/workspace/econdates/econdates-domain/target/test-classes:/Users/shivamsinha/Documents/workspace/econdates/econdates-domain/target/classes:/Users/shivamsinha/.m2/repository/joda-time/joda-time/2.1/joda-time-2.1.jar:/Users/shivamsinha/.m2/repository/joda-time/joda-time-hibernate/1.3/joda-time-hibernate-1.3.jar:/Users/shivamsinha/.m2/repository/org/quartz-scheduler/quartz/1.7.3/quartz-1.7.3.jar:/Users/shivamsinha/.m2/repository/commons-logging/commons-logging/1.1/commons-logging-1.1.jar:/Users/shivamsinha/.m2/repository/logkit/logkit/1.0.1/logkit-1.0.1.jar:/Users/shivamsinha/.m2/repository/avalon-framework/avalon-framework/4.1.3/avalon-framework-4.1.3.jar:/Users/shivamsinha/.m2/repository/org/springframework/spring-core/3.1.0.RELEASE/spring-core-3.1.0.RELEASE.jar:/Users/shivamsinha/.m2/repository/org/springframework/spring-asm/3.1.0.RELEASE/spring-asm-3.1.0.RELEASE.jar:/Users/shivamsinha/.m2/repository/org/springframework/spring-tx/3.1.0.RELEASE/spring-tx-3.1.0.RELEASE.jar:/Users/shivamsinha/.m2/repository/aopalliance/aopalliance/1.0/aopalliance-1.0.jar:/Users/shivamsinha/.m2/repository/org/springframework/spring-aop/3.1.0.RELEASE/spring-aop-3.1.0.RELEASE.jar:/Users/shivamsinha/.m2/repository/org/springframework/spring-beans/3.1.0.RELEASE/spring-beans-3.1.0.RELEASE.jar:/Users/shivamsinha/.m2/repository/org/springframework/spring-context/3.1.0.RELEASE/spring-context-3.1.0.RELEASE.jar:/Users/shivamsinha/.m2/repository/org/springframework/spring-expression/3.1.0.RELEASE/spring-expression-3.1.0.RELEASE.jar:/Users/shivamsinha/.m2/repository/org/springframework/spring-test/3.1.0.RC2/spring-test-3.1.0.RC2.jar:/Users/shivamsinha/.m2/repository/org/springframework/spring-oxm/3.1.0.RELEASE/spring-oxm-3.1.0.RELEASE.jar:/Users/shivamsinha/.m2/repository/org/springframework/ws/spring-ws-core/2.0.3.RELEASE/spring-ws-core-2.0.3.RELEASE.jar:/Users/shivamsinha/.m2/repository/org/springframework/spring-web/3.0.6.RELEASE/spring-web-3.0.6.RELEASE.jar:/Users/shivamsinha/.m2/repository/org/springframework/spring-webmvc/3.0.6.RELEASE/spring-webmvc-3.0.6.RELEASE.jar:/Users/shivamsinha/.m2/repository/org/springframework/spring-context-support/3.0.6.RELEASE/spring-context-support-3.0.6.RELEASE.jar:/Users/shivamsinha/.m2/repository/wsdl4j/wsdl4j/1.6.1/wsdl4j-1.6.1.jar:/Users/shivamsinha/.m2/repository/org/springframework/ws/spring-xml/2.0.3.RELEASE/spring-xml-2.0.3.RELEASE.jar:/Users/shivamsinha/.m2/repository/com/sun/xml/messaging/saaj/saaj-impl/1.3/saaj-impl-1.3.jar:/Users/shivamsinha/.m2/repository/javax/xml/soap/saaj-api/1.3/saaj-api-1.3.jar:/Users/shivamsinha/.m2/repository/javax/xml/bind/jaxb-api/2.0/jaxb-api-2.0.jar:/Users/shivamsinha/.m2/repository/javax/xml/bind/jsr173_api/1.0/jsr173_api-1.0.jar:/Users/shivamsinha/.m2/repository/javax/activation/activation/1.1/activation-1.1.jar:/Users/shivamsinha/.m2/repository/com/sun/xml/bind/jaxb-impl/2.0.3/jaxb-impl-2.0.3.jar:/Users/shivamsinha/.m2/repository/org/springframework/spring-jdbc/3.1.0.RELEASE/spring-jdbc-3.1.0.RELEASE.jar:/Users/shivamsinha/.m2/repository/org/springframework/spring-orm/3.1.0.RELEASE/spring-orm-3.1.0.RELEASE.jar:/Users/shivamsinha/.m2/repository/org/springframework/data/spring-data-jpa/1.0.2.RELEASE/spring-data-jpa-1.0.2.RELEASE.jar:/Users/shivamsinha/.m2/repository/org/springframework/data/spring-data-commons-core/1.1.0.RELEASE/spring-data-commons-core-1.1.0.RELEASE.jar:/Users/shivamsinha/.m2/repository/org/slf4j/jcl-over-slf4j/1.6.1/jcl-over-slf4j-1.6.1.jar:/Users/shivamsinha/.m2/repository/cglib/cglib-nodep/2.2.2/cglib-nodep-2.2.2.jar:/Users/shivamsinha/.m2/repository/mysql/mysql-connector-java/5.1.19/mysql-connector-java-5.1.19.jar:/Users/shivamsinha/.m2/repository/hsqldb/hsqldb/1.8.0.10/hsqldb-1.8.0.10.jar:/Users/shivamsinha/.m2/repository/commons-lang/commons-lang/2.4/commons-lang-2.4.jar:/Users/shivamsinha/.m2/repository/commons-dbcp/commons-dbcp/1.2.2/commons-dbcp-1.2.2.jar:/Users/shivamsinha/.m2/repository/commons-pool/commons-pool/1.3/commons-pool-1.3.jar:/Users/shivamsinha/.m2/repository/junit/junit/4.10/junit-4.10.jar:/Users/shivamsinha/.m2/repository/org/hamcrest/hamcrest-core/1.1/hamcrest-core-1.1.jar:/Users/shivamsinha/.m2/repository/org/mockito/mockito-all/1.9.0/mockito-all-1.9.0.jar:/Users/shivamsinha/.m2/repository/org/hibernate/hibernate-core/3.6.0.Final/hibernate-core-3.6.0.Final.jar:/Users/shivamsinha/.m2/repository/antlr/antlr/2.7.6/antlr-2.7.6.jar:/Users/shivamsinha/.m2/repository/commons-collections/commons-collections/3.1/commons-collections-3.1.jar:/Users/shivamsinha/.m2/repository/dom4j/dom4j/1.6.1/dom4j-1.6.1.jar:/Users/shivamsinha/.m2/repository/org/hibernate/hibernate-commons-annotations/3.2.0.Final/hibernate-commons-annotations-3.2.0.Final.jar:/Users/shivamsinha/.m2/repository/javax/transaction/jta/1.1/jta-1.1.jar:/Users/shivamsinha/.m2/repository/org/hibernate/hibernate-annotations/3.5.6-Final/hibernate-annotations-3.5.6-Final.jar:/Users/shivamsinha/.m2/repository/org/hibernate/hibernate-entitymanager/3.6.0.Final/hibernate-entitymanager-3.6.0.Final.jar:/Users/shivamsinha/.m2/repository/cglib/cglib/2.2/cglib-2.2.jar:/Users/shivamsinha/.m2/repository/asm/asm/3.1/asm-3.1.jar:/Users/shivamsinha/.m2/repository/javassist/javassist/3.12.0.GA/javassist-3.12.0.GA.jar:/Users/shivamsinha/.m2/repository/org/hibernate/javax/persistence/hibernate-jpa-2.0-api/1.0.1.Final/hibernate-jpa-2.0-api-1.0.1.Final.jar:/Users/shivamsinha/.m2/repository/javax/ejb/ejb-api/3.0/ejb-api-3.0.jar:/Users/shivamsinha/.m2/repository/org/jboss/snowdrop/snowdrop-vfs/2.0.1.Final/snowdrop-vfs-2.0.1.Final.jar:/Users/shivamsinha/.m2/repository/org/slf4j/slf4j-jdk14/1.6.4/slf4j-jdk14-1.6.4.jar:/Users/shivamsinha/.m2/repository/org/slf4j/slf4j-api/1.6.4/slf4j-api-1.6.4.jar:/Users/shivamsinha/.m2/repository/org/aspectj/aspectjweaver/1.6.9/aspectjweaver-1.6.9.jar:/Users/shivamsinha/.m2/repository/org/aspectj/aspectjrt/1.6.9/aspectjrt-1.6.9.jar:/Users/shivamsinha/.m2/repository/org/jsoup/jsoup/1.6.1/jsoup-1.6.1.jar:/Users/shivamsinha/.m2/repository/net/sourceforge/jexcelapi/jxl/2.6.12/jxl-2.6.12.jar:/Users/shivamsinha/.m2/repository/log4j/log4j/1.2.14/log4j-1.2.14.jar:/Users/shivamsinha/.m2/repository/com/google/guava/guava/11.0.2/guava-11.0.2.jar:/Users/shivamsinha/.m2/repository/com/google/code/findbugs/jsr305/1.3.9/jsr305-1.3.9.jar:/Users/shivamsinha/.m2/repository/jboss/jboss-annotations-ejb3/4.2.2.GA/jboss-annotations-ejb3-4.2.2.GA.jar:"/>
    <property name="java.specification.name" value="Java Platform API Specification"/>
    <property name="java.class.version" value="50.0"/>
    <property name="sun.management.compiler" value="HotSpot 64-Bit Tiered Compilers"/>
    <property name="os.version" value="10.7.2"/>
    <property name="http.nonProxyHosts" value="local|*.local|169.254/16|*.169.254/16"/>
    <property name="user.home" value="/Users/shivamsinha"/>
    <property name="user.timezone" value="Australia/Sydney"/>
    <property name="java.awt.printerjob" value="apple.awt.CPrinterJob"/>
    <property name="java.specification.version" value="1.6"/>
    <property name="file.encoding" value="MacRoman"/>
    <property name="user.name" value="shivamsinha"/>
    <property name="java.class.path" value="/Users/shivamsinha/Documents/workspace/econdates/econdates-domain/target/test-classes:/Users/shivamsinha/Documents/workspace/econdates/econdates-domain/target/classes:/Users/shivamsinha/.m2/repository/joda-time/joda-time/2.1/joda-time-2.1.jar:/Users/shivamsinha/.m2/repository/joda-time/joda-time-hibernate/1.3/joda-time-hibernate-1.3.jar:/Users/shivamsinha/.m2/repository/org/quartz-scheduler/quartz/1.7.3/quartz-1.7.3.jar:/Users/shivamsinha/.m2/repository/commons-logging/commons-logging/1.1/commons-logging-1.1.jar:/Users/shivamsinha/.m2/repository/logkit/logkit/1.0.1/logkit-1.0.1.jar:/Users/shivamsinha/.m2/repository/avalon-framework/avalon-framework/4.1.3/avalon-framework-4.1.3.jar:/Users/shivamsinha/.m2/repository/org/springframework/spring-core/3.1.0.RELEASE/spring-core-3.1.0.RELEASE.jar:/Users/shivamsinha/.m2/repository/org/springframework/spring-asm/3.1.0.RELEASE/spring-asm-3.1.0.RELEASE.jar:/Users/shivamsinha/.m2/repository/org/springframework/spring-tx/3.1.0.RELEASE/spring-tx-3.1.0.RELEASE.jar:/Users/shivamsinha/.m2/repository/aopalliance/aopalliance/1.0/aopalliance-1.0.jar:/Users/shivamsinha/.m2/repository/org/springframework/spring-aop/3.1.0.RELEASE/spring-aop-3.1.0.RELEASE.jar:/Users/shivamsinha/.m2/repository/org/springframework/spring-beans/3.1.0.RELEASE/spring-beans-3.1.0.RELEASE.jar:/Users/shivamsinha/.m2/repository/org/springframework/spring-context/3.1.0.RELEASE/spring-context-3.1.0.RELEASE.jar:/Users/shivamsinha/.m2/repository/org/springframework/spring-expression/3.1.0.RELEASE/spring-expression-3.1.0.RELEASE.jar:/Users/shivamsinha/.m2/repository/org/springframework/spring-test/3.1.0.RC2/spring-test-3.1.0.RC2.jar:/Users/shivamsinha/.m2/repository/org/springframework/spring-oxm/3.1.0.RELEASE/spring-oxm-3.1.0.RELEASE.jar:/Users/shivamsinha/.m2/repository/org/springframework/ws/spring-ws-core/2.0.3.RELEASE/spring-ws-core-2.0.3.RELEASE.jar:/Users/shivamsinha/.m2/repository/org/springframework/spring-web/3.0.6.RELEASE/spring-web-3.0.6.RELEASE.jar:/Users/shivamsinha/.m2/repository/org/springframework/spring-webmvc/3.0.6.RELEASE/spring-webmvc-3.0.6.RELEASE.jar:/Users/shivamsinha/.m2/repository/org/springframework/spring-context-support/3.0.6.RELEASE/spring-context-support-3.0.6.RELEASE.jar:/Users/shivamsinha/.m2/repository/wsdl4j/wsdl4j/1.6.1/wsdl4j-1.6.1.jar:/Users/shivamsinha/.m2/repository/org/springframework/ws/spring-xml/2.0.3.RELEASE/spring-xml-2.0.3.RELEASE.jar:/Users/shivamsinha/.m2/repository/com/sun/xml/messaging/saaj/saaj-impl/1.3/saaj-impl-1.3.jar:/Users/shivamsinha/.m2/repository/javax/xml/soap/saaj-api/1.3/saaj-api-1.3.jar:/Users/shivamsinha/.m2/repository/javax/xml/bind/jaxb-api/2.0/jaxb-api-2.0.jar:/Users/shivamsinha/.m2/repository/javax/xml/bind/jsr173_api/1.0/jsr173_api-1.0.jar:/Users/shivamsinha/.m2/repository/javax/activation/activation/1.1/activation-1.1.jar:/Users/shivamsinha/.m2/repository/com/sun/xml/bind/jaxb-impl/2.0.3/jaxb-impl-2.0.3.jar:/Users/shivamsinha/.m2/repository/org/springframework/spring-jdbc/3.1.0.RELEASE/spring-jdbc-3.1.0.RELEASE.jar:/Users/shivamsinha/.m2/repository/org/springframework/spring-orm/3.1.0.RELEASE/spring-orm-3.1.0.RELEASE.jar:/Users/shivamsinha/.m2/repository/org/springframework/data/spring-data-jpa/1.0.2.RELEASE/spring-data-jpa-1.0.2.RELEASE.jar:/Users/shivamsinha/.m2/repository/org/springframework/data/spring-data-commons-core/1.1.0.RELEASE/spring-data-commons-core-1.1.0.RELEASE.jar:/Users/shivamsinha/.m2/repository/org/slf4j/jcl-over-slf4j/1.6.1/jcl-over-slf4j-1.6.1.jar:/Users/shivamsinha/.m2/repository/cglib/cglib-nodep/2.2.2/cglib-nodep-2.2.2.jar:/Users/shivamsinha/.m2/repository/mysql/mysql-connector-java/5.1.19/mysql-connector-java-5.1.19.jar:/Users/shivamsinha/.m2/repository/hsqldb/hsqldb/1.8.0.10/hsqldb-1.8.0.10.jar:/Users/shivamsinha/.m2/repository/commons-lang/commons-lang/2.4/commons-lang-2.4.jar:/Users/shivamsinha/.m2/repository/commons-dbcp/commons-dbcp/1.2.2/commons-dbcp-1.2.2.jar:/Users/shivamsinha/.m2/repository/commons-pool/commons-pool/1.3/commons-pool-1.3.jar:/Users/shivamsinha/.m2/repository/junit/junit/4.10/junit-4.10.jar:/Users/shivamsinha/.m2/repository/org/hamcrest/hamcrest-core/1.1/hamcrest-core-1.1.jar:/Users/shivamsinha/.m2/repository/org/mockito/mockito-all/1.9.0/mockito-all-1.9.0.jar:/Users/shivamsinha/.m2/repository/org/hibernate/hibernate-core/3.6.0.Final/hibernate-core-3.6.0.Final.jar:/Users/shivamsinha/.m2/repository/antlr/antlr/2.7.6/antlr-2.7.6.jar:/Users/shivamsinha/.m2/repository/commons-collections/commons-collections/3.1/commons-collections-3.1.jar:/Users/shivamsinha/.m2/repository/dom4j/dom4j/1.6.1/dom4j-1.6.1.jar:/Users/shivamsinha/.m2/repository/org/hibernate/hibernate-commons-annotations/3.2.0.Final/hibernate-commons-annotations-3.2.0.Final.jar:/Users/shivamsinha/.m2/repository/javax/transaction/jta/1.1/jta-1.1.jar:/Users/shivamsinha/.m2/repository/org/hibernate/hibernate-annotations/3.5.6-Final/hibernate-annotations-3.5.6-Final.jar:/Users/shivamsinha/.m2/repository/org/hibernate/hibernate-entitymanager/3.6.0.Final/hibernate-entitymanager-3.6.0.Final.jar:/Users/shivamsinha/.m2/repository/cglib/cglib/2.2/cglib-2.2.jar:/Users/shivamsinha/.m2/repository/asm/asm/3.1/asm-3.1.jar:/Users/shivamsinha/.m2/repository/javassist/javassist/3.12.0.GA/javassist-3.12.0.GA.jar:/Users/shivamsinha/.m2/repository/org/hibernate/javax/persistence/hibernate-jpa-2.0-api/1.0.1.Final/hibernate-jpa-2.0-api-1.0.1.Final.jar:/Users/shivamsinha/.m2/repository/javax/ejb/ejb-api/3.0/ejb-api-3.0.jar:/Users/shivamsinha/.m2/repository/org/jboss/snowdrop/snowdrop-vfs/2.0.1.Final/snowdrop-vfs-2.0.1.Final.jar:/Users/shivamsinha/.m2/repository/org/slf4j/slf4j-jdk14/1.6.4/slf4j-jdk14-1.6.4.jar:/Users/shivamsinha/.m2/repository/org/slf4j/slf4j-api/1.6.4/slf4j-api-1.6.4.jar:/Users/shivamsinha/.m2/repository/org/aspectj/aspectjweaver/1.6.9/aspectjweaver-1.6.9.jar:/Users/shivamsinha/.m2/repository/org/aspectj/aspectjrt/1.6.9/aspectjrt-1.6.9.jar:/Users/shivamsinha/.m2/repository/org/jsoup/jsoup/1.6.1/jsoup-1.6.1.jar:/Users/shivamsinha/.m2/repository/net/sourceforge/jexcelapi/jxl/2.6.12/jxl-2.6.12.jar:/Users/shivamsinha/.m2/repository/log4j/log4j/1.2.14/log4j-1.2.14.jar:/Users/shivamsinha/.m2/repository/com/google/guava/guava/11.0.2/guava-11.0.2.jar:/Users/shivamsinha/.m2/repository/com/google/code/findbugs/jsr305/1.3.9/jsr305-1.3.9.jar:/Users/shivamsinha/.m2/repository/jboss/jboss-annotations-ejb3/4.2.2.GA/jboss-annotations-ejb3-4.2.2.GA.jar:"/>
    <property name="java.vm.specification.version" value="1.0"/>
    <property name="sun.arch.data.model" value="64"/>
    <property name="java.home" value="/System/Library/Java/JavaVirtualMachines/1.6.0.jdk/Contents/Home"/>
    <property name="sun.java.command" value="/Users/shivamsinha/Documents/workspace/econdates/econdates-domain/target/surefire/surefirebooter8972915926074590641.jar /Users/shivamsinha/Documents/workspace/econdates/econdates-domain/target/surefire/surefire1518914075844226174tmp /Users/shivamsinha/Documents/workspace/econdates/econdates-domain/target/surefire/surefire7119886575782400342tmp"/>
    <property name="java.specification.vendor" value="Sun Microsystems Inc."/>
    <property name="user.language" value="en"/>
    <property name="awt.toolkit" value="apple.awt.CToolkit"/>
    <property name="java.vm.info" value="mixed mode"/>
    <property name="java.version" value="1.6.0_29"/>
    <property name="java.ext.dirs" value="/Library/Java/Extensions:/System/Library/Java/Extensions:/System/Library/Java/JavaVirtualMachines/1.6.0.jdk/Contents/Home/lib/ext"/>
    <property name="sun.boot.class.path" value="/System/Library/Java/JavaVirtualMachines/1.6.0.jdk/Contents/Classes/jsfd.jar:/System/Library/Java/JavaVirtualMachines/1.6.0.jdk/Contents/Classes/classes.jar:/System/Library/Frameworks/JavaVM.framework/Frameworks/JavaRuntimeSupport.framework/Resources/Java/JavaRuntimeSupport.jar:/System/Library/Java/JavaVirtualMachines/1.6.0.jdk/Contents/Classes/ui.jar:/System/Library/Java/JavaVirtualMachines/1.6.0.jdk/Contents/Classes/laf.jar:/System/Library/Java/JavaVirtualMachines/1.6.0.jdk/Contents/Classes/sunrsasign.jar:/System/Library/Java/JavaVirtualMachines/1.6.0.jdk/Contents/Classes/jsse.jar:/System/Library/Java/JavaVirtualMachines/1.6.0.jdk/Contents/Classes/jce.jar:/System/Library/Java/JavaVirtualMachines/1.6.0.jdk/Contents/Classes/charsets.jar"/>
    <property name="java.vendor" value="Apple Inc."/>
    <property name="localRepository" value="/Users/shivamsinha/.m2/repository"/>
    <property name="file.separator" value="/"/>
    <property name="java.vendor.url.bug" value="http://bugreport.apple.com/"/>
    <property name="sun.cpu.endian" value="little"/>
    <property name="sun.io.unicode.encoding" value="UnicodeLittle"/>
    <property name="mrj.version" value="1070.1.6.0_29-402"/>
    <property name="socksNonProxyHosts" value="local|*.local|169.254/16|*.169.254/16"/>
    <property name="ftp.nonProxyHosts" value="local|*.local|169.254/16|*.169.254/16"/>
    <property name="sun.cpu.isalist" value=""/>
  </properties>
  <testcase time="2.33" classname="com.econdates.application.LoggerAspectTest" name="testAroundLogGreetMethodExecution"/>
</testsuite>